app/build/intermediates/manifest_merge_blame_file/release/manifest-merger-blame-release-report.txt
1<?xml version="1.0" encoding="utf-8"?>
2<manifest xmlns:android="http://schemas.android.com/apk/res/android"
3    package="com.example.myapp"
4    android:versionCode="1"
5    android:versionName="1.0" >
6
7    <uses-sdk
8        android:minSdkVersion="21"
9        android:targetSdkVersion="33" />
10
11    <application
11-->src\main\AndroidManifest.xml:3:5-15:19
12        android:allowBackup="true"
12-->src\main\AndroidManifest.xml:4:9-35
13        android:appComponentFactory="androidx.core.app.CoreComponentFactory"
13-->[androidx.core:core:1.5.0] AndroidManifest.xml:24:18-86
14        android:extractNativeLibs="true"
15        android:label="MyApp"
15-->src\main\AndroidManifest.xml:5:9-30
16        android:supportsRtl="true"
16-->src\main\AndroidManifest.xml:6:9-35
17        android:theme="@style/Theme.AppCompat.Light" >
17-->src\main\AndroidManifest.xml:7:9-53
18        <activity
18-->src\main\AndroidManifest.xml:8:9-14:20
19            android:name="com.example.myapp.MainActivity"
19-->src\main\AndroidManifest.xml:8:19-47
20            android:exported="true" >
20-->src\main\AndroidManifest.xml:9:13-36
21            <intent-filter>
21-->src\main\AndroidManifest.xml:10:13-13:29
22                <action android:name="android.intent.action.MAIN" />
22-->src\main\AndroidManifest.xml:11:17-69
22-->src\main\AndroidManifest.xml:11:25-66
23
24                <category android:name="android.intent.category.LAUNCHER" />
24-->src\main\AndroidManifest.xml:12:17-77
24-->src\main\AndroidManifest.xml:12:27-74
25            </intent-filter>
26        </activity>
27    </application>
28
29</manifest>